<?xml version="1.0" encoding="UTF-8"?>
<testsuite xmlns:xsi="http://www.w3.org/2001/XMLSchema-instance" xsi:noNamespaceSchemaLocation="https://maven.apache.org/surefire/maven-surefire-plugin/xsd/surefire-test-report-3.0.xsd" version="3.0" name="com.example.devops.DevopsApplicationTests" time="4.088" tests="1" errors="0" skipped="0" failures="0">
  <properties>
[...]
</properties>
  <testcase name="contextLoads" classname="com.example.devops.DevopsApplicationTests" time="0.303">
    <system-out><![CDATA[09:19:45.591 [main] DEBUG org.springframework.test.context.junit4.SpringJUnit4ClassRunner - SpringJUnit4ClassRunner constructor called with [class com.example.devops.DevopsApplicationTests]
09:19:45.599 [main] DEBUG org.springframework.test.context.BootstrapUtils - Instantiating CacheAwareContextLoaderDelegate from class [org.springframework.test.context.cache.DefaultCacheAwareContextLoaderDelegate]
09:19:45.611 [main] DEBUG org.springframework.test.context.BootstrapUtils - Instantiating BootstrapContext using constructor [public org.springframework.test.context.support.DefaultBootstrapContext(java.lang.Class,org.springframework.test.context.CacheAwareContextLoaderDelegate)]
09:19:45.684 [main] DEBUG org.springframework.test.context.BootstrapUtils - Instantiating TestContextBootstrapper for test class [com.example.devops.DevopsApplicationTests] from class [org.springframework.boot.test.context.SpringBootTestContextBootstrapper]
09:19:45.729 [main] INFO org.springframework.boot.test.context.SpringBootTestContextBootstrapper - Neither @ContextConfiguration nor @ContextHierarchy found for test class [com.example.devops.DevopsApplicationTests], using SpringBootContextLoader
09:19:45.734 [main] DEBUG org.springframework.test.context.support.AbstractContextLoader - Did not detect default resource location for test class [com.example.devops.DevopsApplicationTests]: class path resource [com/example/devops/DevopsApplicationTests-context.xml] does not exist
09:19:45.734 [main] DEBUG org.springframework.test.context.support.AbstractContextLoader - Did not detect default resource location for test class [com.example.devops.DevopsApplicationTests]: class path resource [com/example/devops/DevopsApplicationTestsContext.groovy] does not exist
09:19:45.734 [main] INFO org.springframework.test.context.support.AbstractContextLoader - Could not detect default resource locations for test class [com.example.devops.DevopsApplicationTests]: no resource found for suffixes {-context.xml, Context.groovy}.
09:19:45.737 [main] INFO org.springframework.test.context.support.AnnotationConfigContextLoaderUtils - Could not detect default configuration classes for test class [com.example.devops.DevopsApplicationTests]: DevopsApplicationTests does not declare any static, non-private, non-final, nested classes annotated with @Configuration.
09:19:45.793 [main] DEBUG org.springframework.test.context.support.ActiveProfilesUtils - Could not find an 'annotation declaring class' for annotation type [org.springframework.test.context.ActiveProfiles] and class [com.example.devops.DevopsApplicationTests]
09:19:45.804 [main] DEBUG org.springframework.core.env.StandardEnvironment - Adding [systemProperties] PropertySource with lowest search precedence
09:19:45.805 [main] DEBUG org.springframework.core.env.StandardEnvironment - Adding [systemEnvironment] PropertySource with lowest search precedence
09:19:45.805 [main] DEBUG org.springframework.core.env.StandardEnvironment - Initialized StandardEnvironment with PropertySources [systemProperties,systemEnvironment]
09:19:45.826 [main] DEBUG org.springframework.core.io.support.PathMatchingResourcePatternResolver - Resolved classpath location [com/example/devops/] to resources [URL [file:/Users/ck/gitdemo/staragiledevops/target/test-classes/com/example/devops/], URL [file:/Users/ck/gitdemo/staragiledevops/target/classes/com/example/devops/]]
09:19:45.826 [main] DEBUG org.springframework.core.io.support.PathMatchingResourcePatternResolver - Looking for matching resources in directory tree [/Users/ck/gitdemo/staragiledevops/target/test-classes/com/example/devops]
09:19:45.826 [main] DEBUG org.springframework.core.io.support.PathMatchingResourcePatternResolver - Searching directory [/Users/ck/gitdemo/staragiledevops/target/test-classes/com/example/devops] for files matching pattern [/Users/ck/gitdemo/staragiledevops/target/test-classes/com/example/devops/*.class]
09:19:45.830 [main] DEBUG org.springframework.core.io.support.PathMatchingResourcePatternResolver - Looking for matching resources in directory tree [/Users/ck/gitdemo/staragiledevops/target/classes/com/example/devops]
09:19:45.831 [main] DEBUG org.springframework.core.io.support.PathMatchingResourcePatternResolver - Searching directory [/Users/ck/gitdemo/staragiledevops/target/classes/com/example/devops] for files matching pattern [/Users/ck/gitdemo/staragiledevops/target/classes/com/example/devops/*.class]
09:19:45.831 [main] DEBUG org.springframework.core.io.support.PathMatchingResourcePatternResolver - Resolved location pattern [classpath*:com/example/devops/*.class] to resources [file [/Users/ck/gitdemo/staragiledevops/target/test-classes/com/example/devops/DevopsApplicationTests.class], file [/Users/ck/gitdemo/staragiledevops/target/classes/com/example/devops/DevopsApplication.class], file [/Users/ck/gitdemo/staragiledevops/target/classes/com/example/devops/ServletInitializer.class]]
09:19:45.901 [main] DEBUG org.springframework.context.annotation.ClassPathScanningCandidateComponentProvider - Identified candidate component class: file [/Users/ck/gitdemo/staragiledevops/target/classes/com/example/devops/DevopsApplication.class]
09:19:45.902 [main] INFO org.springframework.boot.test.context.SpringBootTestContextBootstrapper - Found @SpringBootConfiguration com.example.devops.DevopsApplication for test class com.example.devops.DevopsApplicationTests
09:19:45.911 [main] DEBUG org.springframework.boot.test.context.SpringBootTestContextBootstrapper - @TestExecutionListeners is not present for class [com.example.devops.DevopsApplicationTests]: using defaults.
09:19:45.920 [main] INFO org.springframework.boot.test.context.SpringBootTestContextBootstrapper - Loaded default TestExecutionListener class names from location [META-INF/spring.factories]: [org.springframework.boot.test.mock.mockito.MockitoTestExecutionListener, org.springframework.boot.test.mock.mockito.ResetMocksTestExecutionListener, org.springframework.boot.test.autoconfigure.restdocs.RestDocsTestExecutionListener, org.springframework.boot.test.autoconfigure.web.client.MockRestServiceServerResetTestExecutionListener, org.springframework.boot.test.autoconfigure.web.servlet.MockMvcPrintOnlyOnFailureTestExecutionListener, org.springframework.boot.test.autoconfigure.web.servlet.WebDriverTestExecutionListener, org.springframework.test.context.web.ServletTestExecutionListener, org.springframework.test.context.support.DirtiesContextBeforeModesTestExecutionListener, org.springframework.test.context.support.DependencyInjectionTestExecutionListener, org.springframework.test.context.support.DirtiesContextTestExecutionListener, org.springframework.test.context.transaction.TransactionalTestExecutionListener, org.springframework.test.context.jdbc.SqlScriptsTestExecutionListener]
09:19:45.935 [main] INFO org.springframework.boot.test.context.SpringBootTestContextBootstrapper - Could not instantiate TestExecutionListener [org.springframework.test.context.transaction.TransactionalTestExecutionListener]. Specify custom listener classes or make the default listener classes (and their required dependencies) available. Offending class: [org/springframework/transaction/TransactionDefinition]
09:19:45.940 [main] INFO org.springframework.boot.test.context.SpringBootTestContextBootstrapper - Could not instantiate TestExecutionListener [org.springframework.test.context.jdbc.SqlScriptsTestExecutionListener]. Specify custom listener classes or make the default listener classes (and their required dependencies) available. Offending class: [org/springframework/transaction/interceptor/TransactionAttribute]
09:19:45.940 [main] INFO org.springframework.boot.test.context.SpringBootTestContextBootstrapper - Using TestExecutionListeners: [org.springframework.test.context.web.ServletTestExecutionListener@7645f03e, org.springframework.test.context.support.DirtiesContextBeforeModesTestExecutionListener@158e9f6e, org.springframework.boot.test.autoconfigure.SpringBootDependencyInjectionTestExecutionListener@7a6ea47d, org.springframework.test.context.support.DirtiesContextTestExecutionListener@54b2fc58, org.springframework.boot.test.mock.mockito.ResetMocksTestExecutionListener@daf22f0, org.springframework.boot.test.mock.mockito.MockitoTestExecutionListener@6cbbb9c4, org.springframework.boot.test.autoconfigure.restdocs.RestDocsTestExecutionListener@63f9b562, org.springframework.boot.test.autoconfigure.web.servlet.WebDriverTestExecutionListener@20ead579, org.springframework.boot.test.autoconfigure.web.client.MockRestServiceServerResetTestExecutionListener@5426cb36, org.springframework.boot.test.autoconfigure.web.servlet.MockMvcPrintOnlyOnFailureTestExecutionListener@65e22def]
09:19:45.943 [main] DEBUG org.springframework.test.annotation.ProfileValueUtils - Retrieved @ProfileValueSourceConfiguration [null] for test class [com.example.devops.DevopsApplicationTests]
09:19:45.949 [main] DEBUG org.springframework.test.annotation.ProfileValueUtils - Retrieved ProfileValueSource type [class org.springframework.test.annotation.SystemProfileValueSource] for class [com.example.devops.DevopsApplicationTests]
09:19:45.951 [main] DEBUG org.springframework.test.annotation.ProfileValueUtils - Retrieved @ProfileValueSourceConfiguration [null] for test class [com.example.devops.DevopsApplicationTests]
09:19:45.952 [main] DEBUG org.springframework.test.annotation.ProfileValueUtils - Retrieved ProfileValueSource type [class org.springframework.test.annotation.SystemProfileValueSource] for class [com.example.devops.DevopsApplicationTests]
09:19:45.953 [main] DEBUG org.springframework.test.annotation.ProfileValueUtils - Retrieved @ProfileValueSourceConfiguration [null] for test class [com.example.devops.DevopsApplicationTests]
09:19:45.954 [main] DEBUG org.springframework.test.annotation.ProfileValueUtils - Retrieved ProfileValueSource type [class org.springframework.test.annotation.SystemProfileValueSource] for class [com.example.devops.DevopsApplicationTests]
09:19:45.963 [main] DEBUG org.springframework.test.context.support.AbstractDirtiesContextTestExecutionListener - Before test class: context [DefaultTestContext@7bdf61ad testClass = DevopsApplicationTests, testInstance = [null], testMethod = [null], testException = [null], mergedContextConfiguration = [WebMergedContextConfiguration@54336976 testClass = DevopsApplicationTests, locations = '{}', classes = '{class com.example.devops.DevopsApplication}', contextInitializerClasses = '[]', activeProfiles = '{}', propertySourceLocations = '{}', propertySourceProperties = '{org.springframework.boot.test.context.SpringBootTestContextBootstrapper=true}', contextCustomizers = set[org.springframework.boot.test.context.SpringBootTestContextCustomizer@692fd26, org.springframework.boot.test.context.filter.ExcludeFilterContextCustomizer@3900fa71, org.springframework.boot.test.json.DuplicateJsonObjectContextCustomizerFactory$DuplicateJsonObjectContextCustomizer@12aa4996, org.springframework.boot.test.mock.mockito.MockitoContextCustomizer@0, org.springframework.boot.test.autoconfigure.properties.PropertyMappingContextCustomizer@0, org.springframework.boot.test.autoconfigure.web.servlet.WebDriverContextCustomizerFactory$Customizer@6d5037a9], resourceBasePath = 'src/main/webapp', contextLoader = 'org.springframework.boot.test.context.SpringBootContextLoader', parent = [null]]], class annotated with @DirtiesContext [false] with mode [null].
09:19:45.965 [main] DEBUG org.springframework.test.annotation.ProfileValueUtils - Retrieved @ProfileValueSourceConfiguration [null] for test class [com.example.devops.DevopsApplicationTests]
09:19:45.965 [main] DEBUG org.springframework.test.annotation.ProfileValueUtils - Retrieved ProfileValueSource type [class org.springframework.test.annotation.SystemProfileValueSource] for class [com.example.devops.DevopsApplicationTests]
09:19:46.065 [main] DEBUG org.springframework.core.env.StandardEnvironment - Adding [systemProperties] PropertySource with lowest search precedence
09:19:46.065 [main] DEBUG org.springframework.core.env.StandardEnvironment - Adding [systemEnvironment] PropertySource with lowest search precedence
09:19:46.066 [main] DEBUG org.springframework.core.env.StandardEnvironment - Initialized StandardEnvironment with PropertySources [systemProperties,systemEnvironment]
09:19:46.066 [main] DEBUG org.springframework.core.env.MutablePropertySources - Adding [inline] PropertySource with highest search precedence
09:19:46.073 [main] DEBUG org.springframework.test.context.support.TestPropertySourceUtils - Adding inlined properties to environment: {spring.jmx.enabled=false, org.springframework.boot.test.context.SpringBootTestContextBootstrapper=true, server.port=-1}
09:19:46.074 [main] DEBUG org.springframework.core.env.StandardEnvironment - Adding [Inlined Test Properties] PropertySource with highest search precedence

  .   ____          _            __ _ _
 /\\ / ___'_ __ _ _(_)_ __  __ _ \ \ \ \
( ( )\___ | '_ | '_| | '_ \/ _` | \ \ \ \
 \\/  ___)| |_)| | | | | || (_| |  ) ) ) )
  '  |____| .__|_| |_|_| |_\__, | / / / /
 =========|_|==============|___/=/_/_/_/
 :: Spring Boot ::        (v1.5.6.RELEASE)

2022-10-03 09:19:46.450 [INFO ] [main] c.e.d.DevopsApplicationTests - Starting DevopsApplicationTests on Clouds-MBP.bbrouter with PID 7809 (started by cloudbinary in /Users/ck/gitdemo/staragiledevops)
2022-10-03 09:19:46.452 [INFO ] [main] c.e.d.DevopsApplicationTests - No active profile set, falling back to default profiles: default
2022-10-03 09:19:46.886 [INFO ] [main] o.s.w.c.s.GenericWebApplicationContext - Refreshing org.springframework.web.context.support.GenericWebApplicationContext@c1f0c7b: startup date [Mon Oct 03 09:19:46 IST 2022]; root of context hierarchy
2022-10-03 09:19:48.363 [INFO ] [main] o.s.w.s.m.m.a.RequestMappingHandlerAdapter - Looking for @ControllerAdvice: org.springframework.web.context.support.GenericWebApplicationContext@c1f0c7b: startup date [Mon Oct 03 09:19:46 IST 2022]; root of context hierarchy
2022-10-03 09:19:48.480 [INFO ] [main] o.s.w.s.m.m.a.RequestMappingHandlerMapping - Mapped "{[/]}" onto public java.lang.String com.example.devops.web.WelcomeController.welcome(org.springframework.ui.Model)
2022-10-03 09:19:48.525 [INFO ] [main] o.s.w.s.h.SimpleUrlHandlerMapping - Mapped URL path [/webjars/**] onto handler of type [class org.springframework.web.servlet.resource.ResourceHttpRequestHandler]
2022-10-03 09:19:48.526 [INFO ] [main] o.s.w.s.h.SimpleUrlHandlerMapping - Mapped URL path [/**] onto handler of type [class org.springframework.web.servlet.resource.ResourceHttpRequestHandler]
2022-10-03 09:19:48.565 [INFO ] [main] o.s.w.s.h.SimpleUrlHandlerMapping - Mapped URL path [/**/favicon.ico] onto handler of type [class org.springframework.web.servlet.resource.ResourceHttpRequestHandler]
2022-10-03 09:19:49.054 [INFO ] [main] c.e.d.DevopsApplicationTests - Started DevopsApplicationTests in 2.962 seconds (JVM running for 4.346)
]]></system-out>
  </testcase>
</testsuite>