<?xml version="1.0" encoding="UTF-8"?>
<testsuite xmlns:xsi="http://www.w3.org/2001/XMLSchema-instance" xsi:noNamespaceSchemaLocation="https://maven.apache.org/surefire/maven-surefire-plugin/xsd/surefire-test-report-3.0.xsd" version="3.0" name="com.example.devops.web.WelcomeControllerTest" time="1.001" tests="1" errors="0" skipped="0" failures="0">
  <properties>
[...]
</properties>
  <testcase name="testWelcome" classname="com.example.devops.web.WelcomeControllerTest" time="0.424">
    <system-out><![CDATA[2022-10-03 09:19:49.444 [INFO ] [main] o.s.b.t.c.SpringBootTestContextBootstrapper - Neither @ContextConfiguration nor @ContextHierarchy found for test class [com.example.devops.web.WelcomeControllerTest], using SpringBootContextLoader
2022-10-03 09:19:49.444 [INFO ] [main] o.s.t.c.s.AbstractContextLoader - Could not detect default resource locations for test class [com.example.devops.web.WelcomeControllerTest]: no resource found for suffixes {-context.xml, Context.groovy}.
2022-10-03 09:19:49.444 [INFO ] [main] o.s.t.c.s.AnnotationConfigContextLoaderUtils - Could not detect default configuration classes for test class [com.example.devops.web.WelcomeControllerTest]: WelcomeControllerTest does not declare any static, non-private, non-final, nested classes annotated with @Configuration.
2022-10-03 09:19:49.468 [INFO ] [main] o.s.b.t.c.SpringBootTestContextBootstrapper - Found @SpringBootConfiguration com.example.devops.DevopsApplication for test class com.example.devops.web.WelcomeControllerTest
2022-10-03 09:19:49.471 [INFO ] [main] o.s.b.t.c.SpringBootTestContextBootstrapper - Loaded default TestExecutionListener class names from location [META-INF/spring.factories]: [org.springframework.boot.test.mock.mockito.MockitoTestExecutionListener, org.springframework.boot.test.mock.mockito.ResetMocksTestExecutionListener, org.springframework.boot.test.autoconfigure.restdocs.RestDocsTestExecutionListener, org.springframework.boot.test.autoconfigure.web.client.MockRestServiceServerResetTestExecutionListener, org.springframework.boot.test.autoconfigure.web.servlet.MockMvcPrintOnlyOnFailureTestExecutionListener, org.springframework.boot.test.autoconfigure.web.servlet.WebDriverTestExecutionListener, org.springframework.test.context.web.ServletTestExecutionListener, org.springframework.test.context.support.DirtiesContextBeforeModesTestExecutionListener, org.springframework.test.context.support.DependencyInjectionTestExecutionListener, org.springframework.test.context.support.DirtiesContextTestExecutionListener, org.springframework.test.context.transaction.TransactionalTestExecutionListener, org.springframework.test.context.jdbc.SqlScriptsTestExecutionListener]
2022-10-03 09:19:49.477 [INFO ] [main] o.s.b.t.c.SpringBootTestContextBootstrapper - Could not instantiate TestExecutionListener [org.springframework.test.context.transaction.TransactionalTestExecutionListener]. Specify custom listener classes or make the default listener classes (and their required dependencies) available. Offending class: [org/springframework/transaction/TransactionDefinition]
2022-10-03 09:19:49.477 [INFO ] [main] o.s.b.t.c.SpringBootTestContextBootstrapper - Could not instantiate TestExecutionListener [org.springframework.test.context.jdbc.SqlScriptsTestExecutionListener]. Specify custom listener classes or make the default listener classes (and their required dependencies) available. Offending class: [org/springframework/transaction/interceptor/TransactionAttribute]
2022-10-03 09:19:49.478 [INFO ] [main] o.s.b.t.c.SpringBootTestContextBootstrapper - Using TestExecutionListeners: [org.springframework.test.context.web.ServletTestExecutionListener@3c242c57, org.springframework.test.context.support.DirtiesContextBeforeModesTestExecutionListener@385865dd, org.springframework.boot.test.autoconfigure.SpringBootDependencyInjectionTestExecutionListener@3b1261ed, org.springframework.test.context.support.DirtiesContextTestExecutionListener@23fd9be1, org.springframework.boot.test.mock.mockito.ResetMocksTestExecutionListener@3e265d5d, org.springframework.boot.test.mock.mockito.MockitoTestExecutionListener@452ba1c9, org.springframework.boot.test.autoconfigure.restdocs.RestDocsTestExecutionListener@6d9ebd88, org.springframework.boot.test.autoconfigure.web.servlet.WebDriverTestExecutionListener@22f31149, org.springframework.boot.test.autoconfigure.web.client.MockRestServiceServerResetTestExecutionListener@2e337cff, org.springframework.boot.test.autoconfigure.web.servlet.MockMvcPrintOnlyOnFailureTestExecutionListener@360ea519]

  .   ____          _            __ _ _
 /\\ / ___'_ __ _ _(_)_ __  __ _ \ \ \ \
( ( )\___ | '_ | '_| | '_ \/ _` | \ \ \ \
 \\/  ___)| |_)| | | | | || (_| |  ) ) ) )
  '  |____| .__|_| |_|_| |_\__, | / / / /
 =========|_|==============|___/=/_/_/_/
 :: Spring Boot ::        (v1.5.6.RELEASE)

2022-10-03 09:19:49.531 [INFO ] [main] c.e.d.w.WelcomeControllerTest - Starting WelcomeControllerTest on Clouds-MBP.bbrouter with PID 7809 (started by cloudbinary in /Users/ck/gitdemo/staragiledevops)
2022-10-03 09:19:49.531 [INFO ] [main] c.e.d.w.WelcomeControllerTest - No active profile set, falling back to default profiles: default
2022-10-03 09:19:49.533 [INFO ] [main] o.s.w.c.s.GenericWebApplicationContext - Refreshing org.springframework.web.context.support.GenericWebApplicationContext@1b9e0eb0: startup date [Mon Oct 03 09:19:49 IST 2022]; root of context hierarchy
2022-10-03 09:19:49.864 [INFO ] [main] o.s.w.s.m.m.a.RequestMappingHandlerAdapter - Looking for @ControllerAdvice: org.springframework.web.context.support.GenericWebApplicationContext@1b9e0eb0: startup date [Mon Oct 03 09:19:49 IST 2022]; root of context hierarchy
2022-10-03 09:19:49.874 [INFO ] [main] o.s.w.s.m.m.a.RequestMappingHandlerMapping - Mapped "{[/]}" onto public java.lang.String com.example.devops.web.WelcomeController.welcome(org.springframework.ui.Model)
2022-10-03 09:19:49.890 [INFO ] [main] o.s.w.s.h.SimpleUrlHandlerMapping - Mapped URL path [/webjars/**] onto handler of type [class org.springframework.web.servlet.resource.ResourceHttpRequestHandler]
2022-10-03 09:19:49.890 [INFO ] [main] o.s.w.s.h.SimpleUrlHandlerMapping - Mapped URL path [/**] onto handler of type [class org.springframework.web.servlet.resource.ResourceHttpRequestHandler]
2022-10-03 09:19:49.912 [INFO ] [main] o.s.w.s.h.SimpleUrlHandlerMapping - Mapped URL path [/**/favicon.ico] onto handler of type [class org.springframework.web.servlet.resource.ResourceHttpRequestHandler]
2022-10-03 09:19:50.025 [INFO ] [main] c.e.d.w.WelcomeControllerTest - Started WelcomeControllerTest in 0.541 seconds (JVM running for 5.317)
2022-10-03 09:19:50.065 [INFO ] [main] o.s.b.t.m.w.SpringBootMockServletContext - Initializing Spring FrameworkServlet ''
2022-10-03 09:19:50.069 [INFO ] [main] o.s.t.w.s.TestDispatcherServlet - FrameworkServlet '': initialization started
2022-10-03 09:19:50.088 [INFO ] [main] o.s.t.w.s.TestDispatcherServlet - FrameworkServlet '': initialization completed in 19 ms
2022-10-03 09:19:50.139 [INFO ] [main] c.e.d.w.WelcomeController - Processing index request
]]></system-out>
  </testcase>
</testsuite>